{
  "RSpec": {
    "coverage": {
      "/Users/gianlucaansaldi/Makers/Course/projects/bookmark_manager/day2/bookmark-manager/spec/bookmark_spec.rb": {
        "lines": [
          1,
          1,
          null,
          1,
          1,
          1,
          1,
          null,
          null,
          1,
          1,
          1,
          null,
          1,
          null,
          1,
          1,
          1,
          1,
          1,
          null,
          null,
          null,
          1,
          1,
          1,
          1,
          null,
          1,
          1,
          1,
          1,
          null,
          null,
          null,
          1,
          1,
          1,
          null,
          1,
          null,
          1,
          null,
          null,
          null
        ]
      },
      "/Users/gianlucaansaldi/Makers/Course/projects/bookmark_manager/day2/bookmark-manager/spec/database_helpers.rb": {
        "lines": [
          1,
          null,
          1,
          1,
          1,
          1,
          null
        ]
      },
      "/Users/gianlucaansaldi/Makers/Course/projects/bookmark_manager/day2/bookmark-manager/spec/features/add_new_bookmark_spec.rb": {
        "lines": [
          1,
          1,
          1,
          1,
          1,
          1,
          1,
          null,
          null
        ]
      },
      "/Users/gianlucaansaldi/Makers/Course/projects/bookmark_manager/day2/bookmark-manager/spec/features/delete_bookmark_spec.rb": {
        "lines": [
          1,
          null,
          1,
          1,
          1,
          1,
          1,
          null,
          1,
          null,
          1,
          1,
          null,
          null
        ]
      },
      "/Users/gianlucaansaldi/Makers/Course/projects/bookmark_manager/day2/bookmark-manager/spec/features/view_bookmarks_spec.rb": {
        "lines": [
          1,
          null,
          1,
          1,
          null,
          1,
          1,
          1,
          null,
          1,
          null,
          1,
          1,
          1,
          null,
          null
        ]
      }
    },
    "timestamp": 1631805841
  }
}
