{
  "RSpec": {
    "coverage": {
      "/Users/Maldorana/Desktop/Makers/Course/Week 4/bookmark-manager/spec/bookmark_spec.rb": {
        "lines": [
          1,
          null,
          1,
          1,
          null,
          0,
          0,
          null,
          null,
          0,
          0,
          null,
          null
        ]
      },
      "/Users/Maldorana/Desktop/Makers/Course/Week 4/bookmark-manager/lib/bookmark.rb": {
        "lines": [
          1,
          1,
          null,
          1,
          0,
          null,
          null,
          1,
          0,
          null,
          null
        ]
      },
      "/Users/Maldorana/Desktop/Makers/Course/Week 4/bookmark-manager/spec/features/view_bookmarks_spec.rb": {
        "lines": [
          1,
          1,
          0,
          0,
          0,
          0,
          null,
          null
        ]
      }
    },
    "timestamp": 1631541959
  }
}
